<?xml version="1.0" encoding="utf-8"?><testsuites name="pytest tests"><testsuite name="pytest" errors="0" failures="0" skipped="0" tests="21" time="6.820" timestamp="2026-07-10T07:12:57.421545+00:00" hostname="agent-env-717a7976-2a6d-44e6-8569-fc68af4d9476"><testcase classname="backend.tests.test_bridge_v2" name="test_admin_login_and_me" time="0.482" /><testcase classname="backend.tests.test_bridge_v2" name="test_me_unauth_401" time="0.095" /><testcase classname="backend.tests.test_bridge_v2" name="test_register_user" time="0.401" /><testcase classname="backend.tests.test_bridge_v2" name="test_login_wrong_password" time="0.343" /><testcase classname="backend.tests.test_bridge_v2" name="test_google_exchange_invalid_session" time="0.203" /><testcase classname="backend.tests.test_bridge_v2" name="test_logout" time="0.445" /><testcase classname="backend.tests.test_bridge_v2" name="test_list_plans" time="0.091" /><testcase classname="backend.tests.test_bridge_v2" name="test_checkout_requires_auth" time="0.090" /><testcase classname="backend.tests.test_bridge_v2" name="test_checkout_free_plan" time="0.048" /><testcase classname="backend.tests.test_bridge_v2" name="test_checkout_pro_creates_session" time="0.902" /><testcase classname="backend.tests.test_bridge_v2" name="test_admin_endpoints_forbidden_for_user" time="0.144" /><testcase classname="backend.tests.test_bridge_v2" name="test_admin_endpoints_unauth" time="0.396" /><testcase classname="backend.tests.test_bridge_v2" name="test_admin_list_users" time="0.045" /><testcase classname="backend.tests.test_bridge_v2" name="test_admin_usage" time="0.043" /><testcase classname="backend.tests.test_bridge_v2" name="test_admin_providers_list_and_key" time="0.174" /><testcase classname="backend.tests.test_bridge_v2" name="test_admin_active_provider" time="0.048" /><testcase classname="backend.tests.test_bridge_v2" name="test_admin_user_role_and_disable_and_plan" time="0.259" /><testcase classname="backend.tests.test_bridge_v2" name="test_admin_plans_crud" time="0.128" /><testcase classname="backend.tests.test_bridge_v2" name="test_transcript_add_list_download" time="0.375" /><testcase classname="backend.tests.test_bridge_v2" name="test_translate_real_openai" time="1.609" /><testcase classname="backend.tests.test_bridge_v2" name="test_realtime_session" time="0.374" /></testsuite></testsuites>