<?xml version="1.0" encoding="utf-8"?><testsuites name="pytest tests"><testsuite name="pytest" errors="0" failures="0" skipped="0" tests="10" time="3.852" timestamp="2026-07-10T06:44:43.160891+00:00" hostname="agent-env-717a7976-2a6d-44e6-8569-fc68af4d9476"><testcase classname="backend.tests.test_backend" name="test_health" time="0.170" /><testcase classname="backend.tests.test_backend" name="test_languages" time="0.133" /><testcase classname="backend.tests.test_backend" name="test_create_room" time="0.101" /><testcase classname="backend.tests.test_backend" name="test_get_room_ok" time="0.125" /><testcase classname="backend.tests.test_backend" name="test_get_room_404" time="0.090" /><testcase classname="backend.tests.test_backend" name="test_livekit_token" time="0.100" /><testcase classname="backend.tests.test_backend" name="test_realtime_session" time="0.900" /><testcase classname="backend.tests.test_backend" name="test_translate" time="1.026" /><testcase classname="backend.tests.test_backend" name="test_tts_stream" time="0.903" /><testcase classname="backend.tests.test_backend" name="test_chat_post_and_list" time="0.199" /></testsuite></testsuites>